Success (3):
content 9477 _a-0000e220-8fd6-8000-7d1d-01ef9001ef90_54590 "Raj"
content 9479 _a-0000e220-8fd6-8000-7d1d-01ef9001ef90_54596 "R_interface"
application 9476 _a-0000e220-8fd6-8000-7d1d-01ef9001ef90_54585 "R_test"

Trace:
2019-03-06 10:12:30.141 DEBUG application 9476 _a-0000e220-8fd6-8000-7d1d-01ef9001ef90_54585 Begin transport.
2019-03-06 10:12:30.141 DEBUG application 9476 _a-0000e220-8fd6-8000-7d1d-01ef9001ef90_54585 Retrieving object data.
2019-03-06 10:12:30.287 DEBUG application 9476 _a-0000e220-8fd6-8000-7d1d-01ef9001ef90_54585 App associated objects: [content=[_a-0000e220-8fd6-8000-7d1d-01ef9001ef90_54590, _a-0000e220-8fd6-8000-7d1d-01ef9001ef90_54596]]
2019-03-06 10:12:30.32 DEBUG application 9476 _a-0000e220-8fd6-8000-7d1d-01ef9001ef90_54585 Invalid associated objects: []
2019-03-06 10:12:30.32 DEBUG application 9476 _a-0000e220-8fd6-8000-7d1d-01ef9001ef90_54585 Adding valid associated objects to be exported: GlobalBindingMap[content={_a-0000e220-8fd6-8000-7d1d-01ef9001ef90_54590=9477, _a-0000e220-8fd6-8000-7d1d-01ef9001ef90_54596=9479}]
2019-03-06 10:12:30.32 DEBUG application 9476 _a-0000e220-8fd6-8000-7d1d-01ef9001ef90_54585 Setting uuids of object references.
2019-03-06 10:12:30.32 DEBUG application 9476 _a-0000e220-8fd6-8000-7d1d-01ef9001ef90_54585 Processing reference: Application.forum
2019-03-06 10:12:30.32 DEBUG application 9476 _a-0000e220-8fd6-8000-7d1d-01ef9001ef90_54585 Processing reference: Application.parent
2019-03-06 10:12:30.378 DEBUG application 9476 _a-0000e220-8fd6-8000-7d1d-01ef9001ef90_54585 Processing reference: com.appiancorp.suiteapi.content.ContentRoleMap@3e3d1086[
  ContentRole[name=readers,inherit=false,allowForAll=false]
  ContentRole[name=authors,inherit=false,allowForAll=false]
  ContentRole[name=administrators,inherit=false,allowForAll=false]
  ContentRole[name=denyReaders,inherit=false,allowForAll=false]
  ContentRole[name=denyAuthors,inherit=false,allowForAll=false]
  ContentRole[name=denyAdministrators,inherit=false,allowForAll=false]
  securityVector=1:SEC_PUBLIC=true,SEC_CREATOR_ADMIN=false,SEC_INH_ADMIN=false,SEC_INH_EDITOR=false,SEC_INH_VIEWER=false,SEC_ALL_ADMIN=false,SEC_ALL_EDITOR=false,SEC_ALL_VIEWER=false
]
2019-03-06 10:12:30.378 DEBUG application 9476 _a-0000e220-8fd6-8000-7d1d-01ef9001ef90_54585 Processing reference: ContentRole[name=readers,inherit=false,allowForAll=false]
2019-03-06 10:12:30.378 DEBUG application 9476 _a-0000e220-8fd6-8000-7d1d-01ef9001ef90_54585 Processing reference: ContentRole[name=authors,inherit=false,allowForAll=false]
2019-03-06 10:12:30.378 DEBUG application 9476 _a-0000e220-8fd6-8000-7d1d-01ef9001ef90_54585 Processing reference: ContentRole[name=administrators,inherit=false,allowForAll=false]
2019-03-06 10:12:30.378 DEBUG application 9476 _a-0000e220-8fd6-8000-7d1d-01ef9001ef90_54585 Processing reference: ContentRole[name=denyReaders,inherit=false,allowForAll=false]
2019-03-06 10:12:30.378 DEBUG application 9476 _a-0000e220-8fd6-8000-7d1d-01ef9001ef90_54585 Processing reference: ContentRole[name=denyAuthors,inherit=false,allowForAll=false]
2019-03-06 10:12:30.378 DEBUG application 9476 _a-0000e220-8fd6-8000-7d1d-01ef9001ef90_54585 Processing reference: ContentRole[name=denyAdministrators,inherit=false,allowForAll=false]
2019-03-06 10:12:30.421 DEBUG content 9477 _a-0000e220-8fd6-8000-7d1d-01ef9001ef90_54590 Begin transport.
2019-03-06 10:12:30.421 DEBUG content 9477 _a-0000e220-8fd6-8000-7d1d-01ef9001ef90_54590 Retrieving object data.
2019-03-06 10:12:30.527 DEBUG content 9477 _a-0000e220-8fd6-8000-7d1d-01ef9001ef90_54590 Setting uuids of object references.
2019-03-06 10:12:30.527 DEBUG content 9477 _a-0000e220-8fd6-8000-7d1d-01ef9001ef90_54590 Processing reference: RulesFolder.forum
2019-03-06 10:12:30.528 DEBUG content 9477 _a-0000e220-8fd6-8000-7d1d-01ef9001ef90_54590 Processing reference: RulesFolder.parent
2019-03-06 10:12:30.587 DEBUG content 9477 _a-0000e220-8fd6-8000-7d1d-01ef9001ef90_54590 Processing reference: com.appiancorp.suiteapi.content.ContentRoleMap@6d5ea9c0[
  ContentRole[name=readers,inherit=false,allowForAll=false]
  ContentRole[name=authors,inherit=false,allowForAll=false]
  ContentRole[name=administrators,inherit=false,allowForAll=false]
  ContentRole[name=denyReaders,inherit=false,allowForAll=false]
  ContentRole[name=denyAuthors,inherit=false,allowForAll=false]
  ContentRole[name=denyAdministrators,inherit=false,allowForAll=false]
  securityVector=1:SEC_PUBLIC=true,SEC_CREATOR_ADMIN=false,SEC_INH_ADMIN=false,SEC_INH_EDITOR=false,SEC_INH_VIEWER=false,SEC_ALL_ADMIN=false,SEC_ALL_EDITOR=false,SEC_ALL_VIEWER=false
]
2019-03-06 10:12:30.587 DEBUG content 9477 _a-0000e220-8fd6-8000-7d1d-01ef9001ef90_54590 Processing reference: ContentRole[name=readers,inherit=false,allowForAll=false]
2019-03-06 10:12:30.587 DEBUG content 9477 _a-0000e220-8fd6-8000-7d1d-01ef9001ef90_54590 Processing reference: ContentRole[name=authors,inherit=false,allowForAll=false]
2019-03-06 10:12:30.588 DEBUG content 9477 _a-0000e220-8fd6-8000-7d1d-01ef9001ef90_54590 Processing reference: ContentRole[name=administrators,inherit=false,allowForAll=false]
2019-03-06 10:12:30.588 DEBUG content 9477 _a-0000e220-8fd6-8000-7d1d-01ef9001ef90_54590 Processing reference: ContentRole[name=denyReaders,inherit=false,allowForAll=false]
2019-03-06 10:12:30.588 DEBUG content 9477 _a-0000e220-8fd6-8000-7d1d-01ef9001ef90_54590 Processing reference: ContentRole[name=denyAuthors,inherit=false,allowForAll=false]
2019-03-06 10:12:30.588 DEBUG content 9477 _a-0000e220-8fd6-8000-7d1d-01ef9001ef90_54590 Processing reference: ContentRole[name=denyAdministrators,inherit=false,allowForAll=false]
2019-03-06 10:12:30.588 DEBUG content 9477 _a-0000e220-8fd6-8000-7d1d-01ef9001ef90_54590 Completing produce.
2019-03-06 10:12:30.588 DEBUG content 9477 _a-0000e220-8fd6-8000-7d1d-01ef9001ef90_54590 Exporting binary resources.
2019-03-06 10:12:30.588 DEBUG content 9477 _a-0000e220-8fd6-8000-7d1d-01ef9001ef90_54590 Serializing object to XML.
2019-03-06 10:12:30.588 DEBUG content 9477 _a-0000e220-8fd6-8000-7d1d-01ef9001ef90_54590 Object transported.
2019-03-06 10:12:30.588 DEBUG content 9479 _a-0000e220-8fd6-8000-7d1d-01ef9001ef90_54596 Begin transport.
2019-03-06 10:12:30.588 DEBUG content 9479 _a-0000e220-8fd6-8000-7d1d-01ef9001ef90_54596 Retrieving object data.
2019-03-06 10:12:30.651 DEBUG content 9479 _a-0000e220-8fd6-8000-7d1d-01ef9001ef90_54596 Setting uuids of object references.
2019-03-06 10:12:30.651 DEBUG content 9479 _a-0000e220-8fd6-8000-7d1d-01ef9001ef90_54596 Processing reference: [Content:id=9478,versionId=-1,name=R_interface,type=32,subtype=6,uuid=_a-0000e220-8fd6-8000-7d1d-01ef9001ef90_54596,parent=9477]
2019-03-06 10:12:30.652 DEBUG content 9479 _a-0000e220-8fd6-8000-7d1d-01ef9001ef90_54596 Processing reference: Interface.forum
2019-03-06 10:12:30.653 DEBUG content 9479 _a-0000e220-8fd6-8000-7d1d-01ef9001ef90_54596 Processing reference: TypedVariable[name=cancel,it=26,v=<null>]
2019-03-06 10:12:30.653 DEBUG content 9479 _a-0000e220-8fd6-8000-7d1d-01ef9001ef90_54596 Processing reference: Interface.parent
2019-03-06 10:12:30.706 DEBUG content 9479 _a-0000e220-8fd6-8000-7d1d-01ef9001ef90_54596 Processing reference: com.appiancorp.suiteapi.content.ContentRoleMap@2ca256[
  ContentRole[name=readers,inherit=true,allowForAll=false]
  ContentRole[name=authors,inherit=true,allowForAll=false]
  ContentRole[name=administrators,inherit=true,allowForAll=false]
  ContentRole[name=denyReaders,inherit=false,allowForAll=false]
  ContentRole[name=denyAuthors,inherit=false,allowForAll=false]
  ContentRole[name=denyAdministrators,inherit=false,allowForAll=false]
  securityVector=15:SEC_PUBLIC=true,SEC_CREATOR_ADMIN=false,SEC_INH_ADMIN=true,SEC_INH_EDITOR=true,SEC_INH_VIEWER=true,SEC_ALL_ADMIN=false,SEC_ALL_EDITOR=false,SEC_ALL_VIEWER=false
]
2019-03-06 10:12:30.706 DEBUG content 9479 _a-0000e220-8fd6-8000-7d1d-01ef9001ef90_54596 Processing reference: ContentRole[name=readers,inherit=true,allowForAll=false]
2019-03-06 10:12:30.706 DEBUG content 9479 _a-0000e220-8fd6-8000-7d1d-01ef9001ef90_54596 Processing reference: ContentRole[name=authors,inherit=true,allowForAll=false]
2019-03-06 10:12:30.706 DEBUG content 9479 _a-0000e220-8fd6-8000-7d1d-01ef9001ef90_54596 Processing reference: ContentRole[name=administrators,inherit=true,allowForAll=false]
2019-03-06 10:12:30.706 DEBUG content 9479 _a-0000e220-8fd6-8000-7d1d-01ef9001ef90_54596 Processing reference: ContentRole[name=denyReaders,inherit=false,allowForAll=false]
2019-03-06 10:12:30.706 DEBUG content 9479 _a-0000e220-8fd6-8000-7d1d-01ef9001ef90_54596 Processing reference: ContentRole[name=denyAuthors,inherit=false,allowForAll=false]
2019-03-06 10:12:30.706 DEBUG content 9479 _a-0000e220-8fd6-8000-7d1d-01ef9001ef90_54596 Processing reference: ContentRole[name=denyAdministrators,inherit=false,allowForAll=false]
2019-03-06 10:12:30.706 DEBUG content 9479 _a-0000e220-8fd6-8000-7d1d-01ef9001ef90_54596 Completing produce.
2019-03-06 10:12:30.706 DEBUG content 9479 _a-0000e220-8fd6-8000-7d1d-01ef9001ef90_54596 Exporting binary resources.
2019-03-06 10:12:30.706 DEBUG content 9479 _a-0000e220-8fd6-8000-7d1d-01ef9001ef90_54596 Serializing object to XML.
2019-03-06 10:12:30.973 DEBUG content 9479 _a-0000e220-8fd6-8000-7d1d-01ef9001ef90_54596 Object transported.
2019-03-06 10:12:30.973 DEBUG application 9476 _a-0000e220-8fd6-8000-7d1d-01ef9001ef90_54585 Completing produce.
2019-03-06 10:12:30.973 DEBUG application 9476 _a-0000e220-8fd6-8000-7d1d-01ef9001ef90_54585 Exporting binary resources.
2019-03-06 10:12:30.973 DEBUG application 9476 _a-0000e220-8fd6-8000-7d1d-01ef9001ef90_54585 Serializing object to XML.
2019-03-06 10:12:30.975 DEBUG application 9476 _a-0000e220-8fd6-8000-7d1d-01ef9001ef90_54585 Object transported.
